Determining if the pthread_create exist failed with the following output:
Change Dir: /home/kyushik/Desktop/udacity-carnd-capstone/ros/build/CMakeFiles/CMakeTmp

Run Build Command:"/usr/bin/make" "cmTC_edaec/fast"
/usr/bin/make -f CMakeFiles/cmTC_edaec.dir/build.make CMakeFiles/cmTC_edaec.dir/build
make[1]: Entering directory '/home/kyushik/Desktop/udacity-carnd-capstone/ros/build/CMakeFiles/CMakeTmp'
Building C object CMakeFiles/cmTC_edaec.dir/CheckSymbolExists.c.o
/usr/bin/cc     -o CMakeFiles/cmTC_edaec.dir/CheckSymbolExists.c.o   -c /home/kyushik/Desktop/udacity-carnd-capstone/ros/build/CMakeFiles/CMakeTmp/CheckSymbolExists.c
Linking C executable cmTC_edaec
/usr/bin/cmake -E cmake_link_script CMakeFiles/cmTC_edaec.dir/link.txt --verbose=1
/usr/bin/cc       CMakeFiles/cmTC_edaec.dir/CheckSymbolExists.c.o  -o cmTC_edaec -rdynamic 
CMakeFiles/cmTC_edaec.dir/CheckSymbolExists.c.o: In function `main':
CheckSymbolExists.c:(.text+0x16): undefined reference to `pthread_create'
collect2: error: ld returned 1 exit status
CMakeFiles/cmTC_edaec.dir/build.make:97: recipe for target 'cmTC_edaec' failed
make[1]: *** [cmTC_edaec] Error 1
make[1]: Leaving directory '/home/kyushik/Desktop/udacity-carnd-capstone/ros/build/CMakeFiles/CMakeTmp'
Makefile:126: recipe for target 'cmTC_edaec/fast' failed
make: *** [cmTC_edaec/fast] Error 2

File /home/kyushik/Desktop/udacity-carnd-capstone/ros/build/CMakeFiles/CMakeTmp/CheckSymbolExists.c:
/* */
#include <pthread.h>

int main(int argc, char** argv)
{
  (void)argv;
#ifndef pthread_create
  return ((int*)(&pthread_create))[argc];
#else
  (void)argc;
  return 0;
#endif
}

Determining if the function pthread_create exists in the pthreads failed with the following output:
Change Dir: /home/kyushik/Desktop/udacity-carnd-capstone/ros/build/CMakeFiles/CMakeTmp

Run Build Command:"/usr/bin/make" "cmTC_531bd/fast"
/usr/bin/make -f CMakeFiles/cmTC_531bd.dir/build.make CMakeFiles/cmTC_531bd.dir/build
make[1]: Entering directory '/home/kyushik/Desktop/udacity-carnd-capstone/ros/build/CMakeFiles/CMakeTmp'
Building C object CMakeFiles/cmTC_531bd.dir/CheckFunctionExists.c.o
/usr/bin/cc    -DCHECK_FUNCTION_EXISTS=pthread_create   -o CMakeFiles/cmTC_531bd.dir/CheckFunctionExists.c.o   -c /usr/share/cmake-3.5/Modules/CheckFunctionExists.c
Linking C executable cmTC_531bd
/usr/bin/cmake -E cmake_link_script CMakeFiles/cmTC_531bd.dir/link.txt --verbose=1
/usr/bin/cc   -DCHECK_FUNCTION_EXISTS=pthread_create    CMakeFiles/cmTC_531bd.dir/CheckFunctionExists.c.o  -o cmTC_531bd -rdynamic -lpthreads 
/usr/bin/ld: cannot find -lpthreads
collect2: error: ld returned 1 exit status
CMakeFiles/cmTC_531bd.dir/build.make:97: recipe for target 'cmTC_531bd' failed
make[1]: *** [cmTC_531bd] Error 1
make[1]: Leaving directory '/home/kyushik/Desktop/udacity-carnd-capstone/ros/build/CMakeFiles/CMakeTmp'
Makefile:126: recipe for target 'cmTC_531bd/fast' failed
make: *** [cmTC_531bd/fast] Error 2


